<?xml version="1.0" encoding="UTF-8"?>
<!-- Generated by org.testng.reporters.JUnitReportReporter -->
<testsuite hostname="SM4DWD3X1" name="org.maj.sm.SimilarityTest" tests="3" failures="0" timestamp="29 Jul 2014 17:32:37 GMT" time="0.312" errors="0">
  <testcase name="testKW" time="0.224" classname="org.maj.sm.SimilarityTest"/>
  <testcase name="calculateSim" time="0.087" classname="org.maj.sm.SimilarityTest"/>
  <testcase name="testUsingCustomAnalyzer" time="0.001" classname="org.maj.sm.SimilarityTest"/>
</testsuite> <!-- org.maj.sm.SimilarityTest -->
